<?xml version="1.0" encoding="UTF-8" ?>
<testsuite errors="0" failures="0" hostname="sang-nguyen" name="com.dontwait.mathutil.test.core.MathUtilDDTTest" skipped="0" tests="7" time="0.091" timestamp="2024-05-01T17:34:13">
  <properties>
[...]
</properties>
  <testcase classname="com.dontwait.mathutil.test.core.MathUtilDDTTest" name="testGetFactorialGivenRightArgumentReturnsWell[0]" time="0.0" />
  <testcase classname="com.dontwait.mathutil.test.core.MathUtilDDTTest" name="testGetFactorialGivenRightArgumentReturnsWell[1]" time="0.0" />
  <testcase classname="com.dontwait.mathutil.test.core.MathUtilDDTTest" name="testGetFactorialGivenRightArgumentReturnsWell[2]" time="0.0" />
  <testcase classname="com.dontwait.mathutil.test.core.MathUtilDDTTest" name="testGetFactorialGivenRightArgumentReturnsWell[3]" time="0.0" />
  <testcase classname="com.dontwait.mathutil.test.core.MathUtilDDTTest" name="testGetFactorialGivenRightArgumentReturnsWell[4]" time="0.0" />
  <testcase classname="com.dontwait.mathutil.test.core.MathUtilDDTTest" name="testGetFactorialGivenRightArgumentReturnsWell[5]" time="0.0" />
  <testcase classname="com.dontwait.mathutil.test.core.MathUtilDDTTest" name="testGetFactorialGivenRightArgumentReturnsWell[6]" time="0.0" />
  <system-out><![CDATA[]]></system-out>
  <system-err><![CDATA[]]></system-err>
</testsuite>
